<?xml version="1.0" encoding="utf-8" standalone="no"?>
<test-run id="2" testcasecount="11" result="Failed" total="11" passed="10" failed="1" inconclusive="0" skipped="0" asserts="17" engine-version="3.8.0.0" clr-version="4.0.30319.42000" start-time="2018-03-12 21:49:57Z" end-time="2018-03-12 21:50:03Z" duration="5.707187">
  <command-line><![CDATA["C:\Users\ivan.matiash\source\repos\RestApiTest\packages\NUnit.ConsoleRunner.3.8.0\tools\nunit3-console.exe"  C:\Users\ivan.matiash\source\repos\RestApiTest\RestApiTest\RestApiTest.csproj]]></command-line>
  <test-suite type="Assembly" id="1-1013" name="RestApiTest.dll" fullname="C:\Users\ivan.matiash\source\repos\RestApiTest\RestApiTest\bin\Debug\RestApiTest.dll" runstate="Runnable" testcasecount="11" result="Failed" site="Child" start-time="2018-03-12 21:49:58Z" end-time="2018-03-12 21:50:03Z" duration="5.114454" total="11" passed="10" failed="1" warnings="0" inconclusive="0" skipped="0" asserts="17">
    <environment framework-version="3.9.0.0" clr-version="4.0.30319.42000" os-version="Microsoft Windows NT 6.3.9600" platform="Win32NT" cwd="C:\Users\ivan.matiash\source\repos\RestApiTest\packages\NUnit.ConsoleRunner.3.8.0\tools" machine-name="UKRPC058" user="ivan.matiash" user-domain="ALTIUM" culture="en-US" uiculture="en-US" os-architecture="x64" />
    <settings>
      <setting name="BasePath" value="C:\Users\ivan.matiash\source\repos\RestApiTest\RestApiTest\bin\Debug\" />
      <setting name="DisposeRunners" value="True" />
      <setting name="WorkDirectory" value="C:\Users\ivan.matiash\source\repos\RestApiTest\packages\NUnit.ConsoleRunner.3.8.0\tools" />
      <setting name="ImageRuntimeVersion" value="4.0.30319" />
      <setting name="ImageTargetFrameworkName" value=".NETFramework,Version=v4.6.1" />
      <setting name="ImageRequiresX86" value="False" />
      <setting name="ImageRequiresDefaultAppDomainAssemblyResolver" value="False" />
      <setting name="NumberOfTestWorkers" value="8" />
    </settings>
    <properties>
      <property name="_PID" value="2420" />
      <property name="_APPDOMAIN" value="domain-9601167f-RestApiTest.csproj" />
    </properties>
    <failure>
      <message><![CDATA[One or more child tests had errors]]></message>
    </failure>
    <test-suite type="TestSuite" id="1-1014" name="RestApiTest" fullname="RestApiTest" runstate="Runnable" testcasecount="11" result="Failed" site="Child" start-time="2018-03-12 21:49:58Z" end-time="2018-03-12 21:50:03Z" duration="5.095899" total="11" passed="10" failed="1" warnings="0" inconclusive="0" skipped="0" asserts="17">
      <failure>
        <message><![CDATA[One or more child tests had errors]]></message>
      </failure>
      <test-suite type="TestFixture" id="1-1000" name="StatusTests" fullname="RestApiTest.StatusTests" classname="RestApiTest.StatusTests" runstate="Runnable" testcasecount="3" result="Failed" site="Child" start-time="2018-03-12 21:49:58Z" end-time="2018-03-12 21:49:59Z" duration="1.708939" total="3" passed="2" failed="1" warnings="0" inconclusive="0" skipped="0" asserts="3">
        <failure>
          <message><![CDATA[One or more child tests had errors]]></message>
        </failure>
        <test-case id="1-1003" name="ResponseReturnedApplication200" fullname="RestApiTest.StatusTests.ResponseReturnedApplication200" methodname="ResponseReturnedApplication200" classname="RestApiTest.StatusTests" runstate="Runnable" seed="1848921108" result="Passed" start-time="2018-03-12 21:49:58Z" end-time="2018-03-12 21:49:59Z" duration="1.544929" asserts="1" />
        <test-case id="1-1001" name="ResponseReturnedContacts200" fullname="RestApiTest.StatusTests.ResponseReturnedContacts200" methodname="ResponseReturnedContacts200" classname="RestApiTest.StatusTests" runstate="Runnable" seed="1998830070" result="Passed" start-time="2018-03-12 21:49:59Z" end-time="2018-03-12 21:49:59Z" duration="0.042173" asserts="1" />
        <test-case id="1-1002" name="ResponseReturnedHealthCheck200" fullname="RestApiTest.StatusTests.ResponseReturnedHealthCheck200" methodname="ResponseReturnedHealthCheck200" classname="RestApiTest.StatusTests" runstate="Runnable" seed="1170857978" result="Failed" start-time="2018-03-12 21:49:59Z" end-time="2018-03-12 21:49:59Z" duration="0.110025" asserts="1">
          <failure>
            <message><![CDATA[  Status code OK does not match actually NotAcceptable
  Expected: OK
  But was:  NotAcceptable
]]></message>
            <stack-trace><![CDATA[   at RestApiTest.StatusTests.ResponseReturnedHealthCheck200() in C:\Users\ivan.matiash\source\repos\RestApiTest\RestApiTest\Tests\StatusTests.cs:line 36
]]></stack-trace>
          </failure>
          <assertions>
            <assertion result="Failed">
              <message><![CDATA[  Status code OK does not match actually NotAcceptable
  Expected: OK
  But was:  NotAcceptable
]]></message>
              <stack-trace><![CDATA[   at RestApiTest.StatusTests.ResponseReturnedHealthCheck200() in C:\Users\ivan.matiash\source\repos\RestApiTest\RestApiTest\Tests\StatusTests.cs:line 36
]]></stack-trace>
            </assertion>
          </assertions>
        </test-case>
      </test-suite>
      <test-suite type="TestSuite" id="1-1015" name="Tests" fullname="RestApiTest.Tests" runstate="Runnable" testcasecount="8" result="Passed" start-time="2018-03-12 21:49:58Z" end-time="2018-03-12 21:50:03Z" duration="5.095148" total="8" passed="8" failed="0" warnings="0" inconclusive="0" skipped="0" asserts="14">
        <test-suite type="TestFixture" id="1-1004" name="ContactTests" fullname="RestApiTest.Tests.ContactTests" classname="RestApiTest.Tests.ContactTests" runstate="Runnable" testcasecount="8" result="Passed" start-time="2018-03-12 21:49:59Z" end-time="2018-03-12 21:50:03Z" duration="3.378789" total="8" passed="8" failed="0" warnings="0" inconclusive="0" skipped="0" asserts="14">
          <test-case id="1-1005" name="AssertContactWithIDEquals1" fullname="RestApiTest.Tests.ContactTests.AssertContactWithIDEquals1" methodname="AssertContactWithIDEquals1" classname="RestApiTest.Tests.ContactTests" runstate="Runnable" seed="454909029" result="Passed" start-time="2018-03-12 21:49:59Z" end-time="2018-03-12 21:50:00Z" duration="0.532756" asserts="3" />
          <test-case id="1-1009" name="ChangeEmail" fullname="RestApiTest.Tests.ContactTests.ChangeEmail" methodname="ChangeEmail" classname="RestApiTest.Tests.ContactTests" runstate="Runnable" seed="1022734321" result="Passed" start-time="2018-03-12 21:50:00Z" end-time="2018-03-12 21:50:00Z" duration="0.391666" asserts="1" />
          <test-case id="1-1010" name="ChangeFirstName" fullname="RestApiTest.Tests.ContactTests.ChangeFirstName" methodname="ChangeFirstName" classname="RestApiTest.Tests.ContactTests" runstate="Runnable" seed="328213244" result="Passed" start-time="2018-03-12 21:50:00Z" end-time="2018-03-12 21:50:01Z" duration="0.379976" asserts="1" />
          <test-case id="1-1011" name="ChangeLastName" fullname="RestApiTest.Tests.ContactTests.ChangeLastName" methodname="ChangeLastName" classname="RestApiTest.Tests.ContactTests" runstate="Runnable" seed="750755570" result="Passed" start-time="2018-03-12 21:50:01Z" end-time="2018-03-12 21:50:01Z" duration="0.430962" asserts="1" />
          <test-case id="1-1006" name="CreateNewContact" fullname="RestApiTest.Tests.ContactTests.CreateNewContact" methodname="CreateNewContact" classname="RestApiTest.Tests.ContactTests" runstate="Runnable" seed="1289788983" result="Passed" start-time="2018-03-12 21:50:01Z" end-time="2018-03-12 21:50:01Z" duration="0.315276" asserts="3" />
          <test-case id="1-1008" name="DeleteContact" fullname="RestApiTest.Tests.ContactTests.DeleteContact" methodname="DeleteContact" classname="RestApiTest.Tests.ContactTests" runstate="Runnable" seed="526033639" result="Passed" start-time="2018-03-12 21:50:01Z" end-time="2018-03-12 21:50:02Z" duration="0.472329" asserts="1" />
          <test-case id="1-1007" name="EditContact" fullname="RestApiTest.Tests.ContactTests.EditContact" methodname="EditContact" classname="RestApiTest.Tests.ContactTests" runstate="Runnable" seed="254172409" result="Passed" start-time="2018-03-12 21:50:02Z" end-time="2018-03-12 21:50:02Z" duration="0.500772" asserts="3" />
          <test-case id="1-1012" name="Find" fullname="RestApiTest.Tests.ContactTests.Find" methodname="Find" classname="RestApiTest.Tests.ContactTests" runstate="Runnable" seed="816630107" result="Passed" start-time="2018-03-12 21:50:02Z" end-time="2018-03-12 21:50:03Z" duration="0.354611" asserts="1" />
        </test-suite>
      </test-suite>
    </test-suite>
  </test-suite>
</test-run>